  Chain.cpp
  Door.cpp
  Drop.cpp
  ExperiencePotion.cpp
  GreenScene.cpp
  Key.cpp
  Obstacle.cpp
  OrangeScene.cpp
  PurpleScene.cpp
  Shield.cpp
  Skull.cpp
  Game.cpp
  HyperShoes.cpp
  main.cpp
  PowerUp.cpp
  RedScene.cpp
  Scene.cpp
  Shader.cpp
  ShaderProgram.cpp
  SoundEngine.cpp
  Generating Code...
  Compiling...
  Start.cpp
  Stone.cpp
D:\code\the-goonies\The Goonies\Stone.cpp(45,20): warning C4018: '<': signed/unsigned mismatch
  Texture.cpp
  TileMap.cpp
  Player.cpp
  Sprite.cpp
  TimePowerUp.cpp
  ValveWater.cpp
  VitalityPotion.cpp
  YellowScene.cpp
  CollisionMap.cpp
  Actor.cpp
  Enemy.cpp
  Camera.cpp
  Bat.cpp
  GUI.cpp
  GameOver.cpp
  TheEnd.cpp
  Generating Code...
SOIL.lib(image_DXT.obj) : warning LNK4099: PDB 'vc100.pdb' was not found with 'SOIL.lib(image_DXT.obj)' or at 'D:\code\the-goonies\Debug\vc100.pdb'; linking object as if no debug info
SOIL.lib(image_helper.obj) : warning LNK4099: PDB 'vc100.pdb' was not found with 'SOIL.lib(image_helper.obj)' or at 'D:\code\the-goonies\Debug\vc100.pdb'; linking object as if no debug info
SOIL.lib(SOIL.obj) : warning LNK4099: PDB 'vc100.pdb' was not found with 'SOIL.lib(SOIL.obj)' or at 'D:\code\the-goonies\Debug\vc100.pdb'; linking object as if no debug info
SOIL.lib(stb_image_aug.obj) : warning LNK4099: PDB 'vc100.pdb' was not found with 'SOIL.lib(stb_image_aug.obj)' or at 'D:\code\the-goonies\Debug\vc100.pdb'; linking object as if no debug info
  The Goonies.vcxproj -> D:\code\the-goonies\Debug\The Goonies.exe
